Listening for transport dt_socket at address: 8901
SLF4J: Class path contains multiple SLF4J bindings.
SLF4J: Found binding in [jar:file:/root/Desktop/fineractIdentity/service/build/libs/service-0.1.0-BUILD-SNAPSHOT-boot.jar!/BOOT-INF/lib/logback-classic-1.1.7.jar!/org/slf4j/impl/StaticLoggerBinder.class]
SLF4J: Found binding in [jar:file:/root/Desktop/fineractIdentity/service/build/libs/service-0.1.0-BUILD-SNAPSHOT-boot.jar!/BOOT-INF/lib/slf4j-log4j12-1.7.21.jar!/org/slf4j/impl/StaticLoggerBinder.class]
SLF4J: See http://www.slf4j.org/codes.html#multiple_bindings for an explanation.
SLF4J: Actual binding is of type [ch.qos.logback.classic.util.ContextSelectorStaticBinder]
Exception in thread "main" java.lang.reflect.InvocationTargetException
	at sun.reflect.NativeMethodAccessorImpl.invoke0(Native Method)
	at sun.reflect.NativeMethodAccessorImpl.invoke(NativeMethodAccessorImpl.java:62)
	at sun.reflect.DelegatingMethodAccessorImpl.invoke(DelegatingMethodAccessorImpl.java:43)
	at java.lang.reflect.Method.invoke(Method.java:498)
	at org.springframework.boot.loader.MainMethodRunner.run(MainMethodRunner.java:48)
	at org.springframework.boot.loader.Launcher.launch(Launcher.java:87)
	at org.springframework.boot.loader.Launcher.launch(Launcher.java:50)
	at org.springframework.boot.loader.JarLauncher.main(JarLauncher.java:51)
Caused by: java.lang.IllegalArgumentException: Invalid argument syntax: --
	at org.springframework.core.env.SimpleCommandLineArgsParser.parse(SimpleCommandLineArgsParser.java:75)
	at org.springframework.core.env.SimpleCommandLinePropertySource.<init>(SimpleCommandLinePropertySource.java:87)
	at org.springframework.boot.DefaultApplicationArguments$Source.<init>(DefaultApplicationArguments.java:76)
	at org.springframework.boot.DefaultApplicationArguments.<init>(DefaultApplicationArguments.java:42)
	at org.springframework.boot.SpringApplication.run(SpringApplication.java:306)
	at org.springframework.boot.SpringApplication.run(SpringApplication.java:1186)
	at org.springframework.boot.SpringApplication.run(SpringApplication.java:1175)
	at org.apache.fineract.cn.identity.config.IdentityServiceConfig.main(IdentityServiceConfig.java:88)
	... 8 more
Listening for transport dt_socket at address: 8901
SLF4J: Class path contains multiple SLF4J bindings.
SLF4J: Found binding in [jar:file:/root/Desktop/fineractIdentity/service/build/libs/service-0.1.0-BUILD-SNAPSHOT-boot.jar!/BOOT-INF/lib/logback-classic-1.1.7.jar!/org/slf4j/impl/StaticLoggerBinder.class]
SLF4J: Found binding in [jar:file:/root/Desktop/fineractIdentity/service/build/libs/service-0.1.0-BUILD-SNAPSHOT-boot.jar!/BOOT-INF/lib/slf4j-log4j12-1.7.21.jar!/org/slf4j/impl/StaticLoggerBinder.class]
SLF4J: See http://www.slf4j.org/codes.html#multiple_bindings for an explanation.
SLF4J: Actual binding is of type [ch.qos.logback.classic.util.ContextSelectorStaticBinder]
Exception in thread "main" java.lang.reflect.InvocationTargetException
	at sun.reflect.NativeMethodAccessorImpl.invoke0(Native Method)
	at sun.reflect.NativeMethodAccessorImpl.invoke(NativeMethodAccessorImpl.java:62)
	at sun.reflect.DelegatingMethodAccessorImpl.invoke(DelegatingMethodAccessorImpl.java:43)
	at java.lang.reflect.Method.invoke(Method.java:498)
	at org.springframework.boot.loader.MainMethodRunner.run(MainMethodRunner.java:48)
	at org.springframework.boot.loader.Launcher.launch(Launcher.java:87)
	at org.springframework.boot.loader.Launcher.launch(Launcher.java:50)
	at org.springframework.boot.loader.JarLauncher.main(JarLauncher.java:51)
Caused by: java.lang.IllegalArgumentException: Invalid argument syntax: --
	at org.springframework.core.env.SimpleCommandLineArgsParser.parse(SimpleCommandLineArgsParser.java:75)
	at org.springframework.core.env.SimpleCommandLinePropertySource.<init>(SimpleCommandLinePropertySource.java:87)
	at org.springframework.boot.DefaultApplicationArguments$Source.<init>(DefaultApplicationArguments.java:76)
	at org.springframework.boot.DefaultApplicationArguments.<init>(DefaultApplicationArguments.java:42)
	at org.springframework.boot.SpringApplication.run(SpringApplication.java:306)
	at org.springframework.boot.SpringApplication.run(SpringApplication.java:1186)
	at org.springframework.boot.SpringApplication.run(SpringApplication.java:1175)
	at org.apache.fineract.cn.identity.config.IdentityServiceConfig.main(IdentityServiceConfig.java:88)
	... 8 more
